commit 325514f388e9acf5a4c0b6a49aba8a11bd9f7e3f
Author: Oihane <oburuaga@gmail.com>
Date:   Fri May 12 12:41:47 2017 +0200

    última carpeta

commit 3d67a51011326c302b9eec97ca083bace88b6a7a
Author: Oihane <oburuaga@gmail.com>
Date:   Fri May 12 12:36:36 2017 +0200

    Tercera carpeta

commit df8a6c51ed5639e537ccb8e12efef6bcda143630
Author: Oihane <oburuaga@gmail.com>
Date:   Fri May 12 12:33:52 2017 +0200

    Segunda carpeta

commit bf1052022ccd38795379bad29b2255cff4d52271
Author: Oihane <oburuaga@gmail.com>
Date:   Fri May 12 12:29:34 2017 +0200

    Primer envio de carpeta

commit ba120ed3f65fc1608edc63e98cd87edf2d4bf40a
Author: Oihane <oburuaga@gmail.com>
Date:   Fri May 12 12:08:07 2017 +0200

    Uno más

commit 057dea459195397f1564834eae112a5e5ca305ad
Author: Oihane <oburuaga@gmail.com>
Date:   Fri May 12 12:06:16 2017 +0200

    Nuevo envío

commit 89c18489e7b942a8dd69e79a7c91e83231776126
Author: Oihane <oburuaga@gmail.com>
Date:   Fri May 12 11:59:03 2017 +0200

    Trasteando

commit aab6690ce6f14eb0fabd1a00cfaaea20201ac3a8
Author: Oihane <oburuaga@gmail.com>
Date:   Fri May 12 11:56:52 2017 +0200

    Cuarto envío

commit 1b2b6fe5011b9a15180845194e1ee12cf6cae389
Author: Oihane <oburuaga@gmail.com>
Date:   Fri May 12 11:55:07 2017 +0200

    Tercer envío

commit 3d5a9f680918a3cd0f95dadc14de757de4ee4ee6
Author: Oihane <oburuaga@gmail.com>
Date:   Fri May 12 11:53:06 2017 +0200

    Segudo envío

commit 96569d6e76a23323986fb77050a325a1a15431c7
Author: Oihane <oburuaga@gmail.com>
Date:   Fri May 12 11:47:33 2017 +0200

    Envío inicial
